
Processing ipopt_langauss.C...
Info in <TCanvas::MakeDefCanvas>:  created default TCanvas with name c1
0.25
do fitting ...

******************************************************************************
This program contains Ipopt, a library for large-scale nonlinear optimization.
 Ipopt is released as open source code under the Eclipse Public License (EPL).
         For more information visit https://github.com/coin-or/Ipopt
******************************************************************************

Total number of variables............................:        5
                     variables with only lower bounds:        0
                variables with lower and upper bounds:        3
                     variables with only upper bounds:        0
Total number of equality constraints.................:        0
Total number of inequality constraints...............:        0
        inequality constraints with only lower bounds:        0
   inequality constraints with lower and upper bounds:        0
        inequality constraints with only upper bounds:        0


Number of Iterations....: 66

                                   (scaled)                 (unscaled)
Objective...............:   1.3533184419920342e-02    5.7295549340324487e+02
Dual infeasibility......:   1.1444997706590344e-06    4.8454776824929095e-02
Constraint violation....:   0.0000000000000000e+00    0.0000000000000000e+00
Variable bound violation:   0.0000000000000000e+00    0.0000000000000000e+00
Complementarity.........:   2.2216159865114499e-11    9.4056730789138003e-07
Overall NLP error.......:   1.1444997706590344e-06    4.8454776824929095e-02


Number of objective function evaluations             = 512
Number of objective gradient evaluations             = 67
Number of equality constraint evaluations            = 0
Number of inequality constraint evaluations          = 0
Number of equality constraint Jacobian evaluations   = 0
Number of inequality constraint Jacobian evaluations = 0
Number of Lagrangian Hessian evaluations             = 0
Total seconds in IPOPT                               = 36.668

EXIT: Optimal Solution Found.


Solution of the primal variables, x
x[0] = 399492
x[1] = -0.0017334
x[2] = 1.00075
x[3] = 0
x[4] = 0.9979


Solution of the bound multipliers, z_L and z_U
z_L[0] = 0
z_L[1] = 5.60256e-07
z_L[2] = 5.33461e-07
z_L[3] = 0
z_L[4] = 9.42547e-07
z_U[0] = 0
z_U[1] = 5.64349e-08
z_U[2] = 6.36846e-08
z_U[3] = 0
z_U[4] = 6.20106e-08


Objective value
f(x*) = 572.955

Final value of the constraints:


*** The problem solved in 66 iterations!


*** The final value of the objective function is 572.955.

****************************************
Minimizer is Ipopt / mumps
MinFCN                    =      572.955
Chi2                      =      1064.97
NDf                       =          996
Edm                       =            0
NCalls                    =          512
p0                        =       399492
p1                        =   -0.0017334 	 (limited)
p2                        =      1.00075 	 (limited)
p3                        =            0                      	 (fixed)
p4                        =       0.9979 	 (limited)
Info in <TCanvas::Print>: file Ipopt_mumps.png has been created
Real time 0:00:37, CP time 39.690
Warning in <TROOT::Append>: Replacing existing TH1: h1 (Potential memory leak).
0.25
do fitting ...
Total number of variables............................:        5
                     variables with only lower bounds:        0
                variables with lower and upper bounds:        3
                     variables with only upper bounds:        0
Total number of equality constraints.................:        0
Total number of inequality constraints...............:        0
        inequality constraints with only lower bounds:        0
   inequality constraints with lower and upper bounds:        0
        inequality constraints with only upper bounds:        0

ERROR: Problem in step computation, but emergency mode cannot be activated.

Number of Iterations....: 0

                                   (scaled)                 (unscaled)
Objective...............:   1.4217645175922833e+03    6.0193356227470070e+07
Dual infeasibility......:   1.0000000000000000e+02    4.2337078667152114e+06
Constraint violation....:   0.0000000000000000e+00    0.0000000000000000e+00
Variable bound violation:   0.0000000000000000e+00    0.0000000000000000e+00
Complementarity.........:   9.0000000999999994e+00    3.8103371223807690e+05
Overall NLP error.......:   1.0000000000000000e+02    4.2337078667152114e+06


Number of objective function evaluations             = 1
Number of objective gradient evaluations             = 1
Number of equality constraint evaluations            = 0
Number of inequality constraint evaluations          = 0
Number of equality constraint Jacobian evaluations   = 0
Number of inequality constraint Jacobian evaluations = 0
Number of Lagrangian Hessian evaluations             = 0
Total seconds in IPOPT                               = 0.623

EXIT: Error in step computation!


Solution of the primal variables, x
x[0] = 100
x[1] = 1
x[2] = 2
x[3] = 0
x[4] = 2


Solution of the bound multipliers, z_L and z_U
z_L[0] = 0
z_L[1] = 42337.1
z_L[2] = 42337.1
z_L[3] = 0
z_L[4] = 42337.1
z_U[0] = 0
z_U[1] = 42337.1
z_U[2] = 42337.1
z_U[3] = 0
z_U[4] = 42337.1


Objective value
f(x*) = 6.01934e+07

Final value of the constraints:
Warning in <Fit>: Abnormal termination of minimization.

****************************************
         Invalid FitResult  (status = -1 )
****************************************
Minimizer is Ipopt / ma77
MinFCN                    =  6.01934e+07
Chi2                      =  9.84867e+06
NDf                       =          996
Edm                       =            0
NCalls                    =            1
p0                        =          100
p1                        =            1 	 (limited)
p2                        =            2 	 (limited)
p3                        =            0                      	 (fixed)
p4                        =            2 	 (limited)
Info in <TCanvas::Print>: file Ipopt_ma77.png has been created
Real time 0:00:01, CP time 1.060
Warning in <TROOT::Append>: Replacing existing TH1: h1 (Potential memory leak).
0.25
do fitting ...
Total number of variables............................:        5
                     variables with only lower bounds:        0
                variables with lower and upper bounds:        3
                     variables with only upper bounds:        0
Total number of equality constraints.................:        0
Total number of inequality constraints...............:        0
        inequality constraints with only lower bounds:        0
   inequality constraints with lower and upper bounds:        0
        inequality constraints with only upper bounds:        0


Number of Iterations....: 73

                                   (scaled)                 (unscaled)
Objective...............:   1.3533184419925057e-02    5.7295549340344451e+02
Dual infeasibility......:   2.2079467734953881e-08    9.3478016242358930e-04
Constraint violation....:   0.0000000000000000e+00    0.0000000000000000e+00
Variable bound violation:   0.0000000000000000e+00    0.0000000000000000e+00
Complementarity.........:   1.0000271967346085e-11    4.2338230097444725e-07
Overall NLP error.......:   2.2079467734953881e-08    9.3478016242358930e-04


Number of objective function evaluations             = 550
Number of objective gradient evaluations             = 74
Number of equality constraint evaluations            = 0
Number of inequality constraint evaluations          = 0
Number of equality constraint Jacobian evaluations   = 0
Number of inequality constraint Jacobian evaluations = 0
Number of Lagrangian Hessian evaluations             = 0
Total seconds in IPOPT                               = 42.013

EXIT: Optimal Solution Found.


Solution of the primal variables, x
x[0] = 399492
x[1] = -0.00173343
x[2] = 1.00075
x[3] = 0
x[4] = 0.9979


Solution of the bound multipliers, z_L and z_U
z_L[0] = 0
z_L[1] = 4.24105e-07
z_L[2] = 4.23056e-07
z_L[3] = 0
z_L[4] = 4.24273e-07
z_U[0] = 0
z_U[1] = 4.23297e-08
z_U[2] = 4.70451e-08
z_U[3] = 0
z_U[4] = 4.70301e-08


Objective value
f(x*) = 572.955

Final value of the constraints:


*** The problem solved in 73 iterations!


*** The final value of the objective function is 572.955.

****************************************
Minimizer is Ipopt / ma86
MinFCN                    =      572.955
Chi2                      =      1064.97
NDf                       =          996
Edm                       =            0
NCalls                    =          550
p0                        =       399492
p1                        =  -0.00173343 	 (limited)
p2                        =      1.00075 	 (limited)
p3                        =            0                      	 (fixed)
p4                        =       0.9979 	 (limited)
Info in <TCanvas::Print>: file Ipopt_ma86.png has been created
Real time 0:00:42, CP time 42.640
Warning in <TROOT::Append>: Replacing existing TH1: h1 (Potential memory leak).
0.25
do fitting ...
Total number of variables............................:        5
                     variables with only lower bounds:        0
                variables with lower and upper bounds:        3
                     variables with only upper bounds:        0
Total number of equality constraints.................:        0
Total number of inequality constraints...............:        0
        inequality constraints with only lower bounds:        0
   inequality constraints with lower and upper bounds:        0
        inequality constraints with only upper bounds:        0


Number of Iterations....: 65

                                   (scaled)                 (unscaled)
Objective...............:   1.3533184420939925e-02    5.7295549344641108e+02
Dual infeasibility......:   1.0851260781350958e-05    4.5941068133783802e-01
Constraint violation....:   0.0000000000000000e+00    0.0000000000000000e+00
Variable bound violation:   0.0000000000000000e+00    0.0000000000000000e+00
Complementarity.........:   1.0000023814687463e-11    4.2337179491581770e-07
Overall NLP error.......:   1.0851260781350958e-05    4.5941068133783802e-01


Number of objective function evaluations             = 475
Number of objective gradient evaluations             = 66
Number of equality constraint evaluations            = 0
Number of inequality constraint evaluations          = 0
Number of equality constraint Jacobian evaluations   = 0
Number of inequality constraint Jacobian evaluations = 0
Number of Lagrangian Hessian evaluations             = 0
Total seconds in IPOPT                               = 36.273

EXIT: Optimal Solution Found.


Solution of the primal variables, x
x[0] = 399492
x[1] = -0.00173364
x[2] = 1.00075
x[3] = 0
x[4] = 0.9979


Solution of the bound multipliers, z_L and z_U
z_L[0] = 0
z_L[1] = 4.24107e-07
z_L[2] = 4.23056e-07
z_L[3] = 0
z_L[4] = 4.2426e-07
z_U[0] = 0
z_U[1] = 4.23297e-08
z_U[2] = 4.70451e-08
z_U[3] = 0
z_U[4] = 4.70302e-08


Objective value
f(x*) = 572.955

Final value of the constraints:


*** The problem solved in 65 iterations!


*** The final value of the objective function is 572.955.

****************************************
Minimizer is Ipopt / ma97
MinFCN                    =      572.955
Chi2                      =      1064.97
NDf                       =          996
Edm                       =            0
NCalls                    =          475
p0                        =       399492
p1                        =  -0.00173364 	 (limited)
p2                        =      1.00075 	 (limited)
p3                        =            0                      	 (fixed)
p4                        =       0.9979 	 (limited)
Info in <TCanvas::Print>: file Ipopt_ma97.png has been created
Real time 0:00:37, CP time 36.920
(int) 0
