
Processing root_langauss.C...
Info in <TCanvas::MakeDefCanvas>:  created default TCanvas with name c1
0.25
do fitting ...
Warning in <Fit>: Abnormal termination of minimization.
 FCN=4.45043e+06 FROM MIGRAD    STATUS=FAILED         98 CALLS          99 TOTAL
                     EDM=1.64821e+21    STRATEGY= 1      ERR MATRIX NOT POS-DEF
  EXT PARAMETER                APPROXIMATE        STEP         FIRST   
  NO.   NAME      VALUE            ERROR          SIZE      DERIVATIVE 
   1  p0           4.33455e+07   4.29261e+03   0.00000e+00   1.30081e-02
   2  p1           2.43167e+00   6.36665e+00  -0.00000e+00   1.36305e+05
   3  p2           2.42545e-03   6.17932e+00   0.00000e+00   6.43379e+06
   4  p3           0.00000e+00     fixed    
   5  p4           3.95868e+00   6.03113e+00  -0.00000e+00  -6.10745e+04
                               ERR DEF= 0.5
Info in <TCanvas::Print>: file Minuit_Migrad.png has been created
Real time 0:00:20, CP time 20.550
Warning in <TROOT::Append>: Replacing existing TH1: h1 (Potential memory leak).
0.25
do fitting ...
 FCN=572.956 FROM SIMPLEX   STATUS=PROGRESS      355 CALLS         356 TOTAL
                     EDM=0.000456131    STRATEGY= 0      NO ERROR MATRIX       
  EXT PARAMETER               CURRENT GUESS       STEP         FIRST   
  NO.   NAME      VALUE            ERROR          SIZE      DERIVATIVE 
   1  p0           3.99490e+05   3.00000e+01   1.17703e+01   3.33333e-02
   2  p1          -1.72644e-03   1.00000e+00   7.75569e-06   4.11201e+00
   3  p2           1.00075e+00   1.00000e+00   9.99743e-06   3.87763e+00
   4  p3           0.00000e+00     fixed    
   5  p4           9.97902e-01   1.00000e+00   1.64109e-05   3.87763e+00
                               ERR DEF= 0.5
Info in <TCanvas::Print>: file Minuit_Simplex.png has been created
Real time 0:00:09, CP time 9.660
Warning in <TROOT::Append>: Replacing existing TH1: h1 (Potential memory leak).
0.25
do fitting ...
 FCN=572.955 FROM MIGRAD    STATUS=CONVERGED     228 CALLS         229 TOTAL
                     EDM=1.27697e-08    STRATEGY= 1      ERROR MATRIX ACCURATE 
  EXT PARAMETER                                   STEP         FIRST   
  NO.   NAME      VALUE            ERROR          SIZE      DERIVATIVE 
   1  p0           3.99492e+05   3.99855e+02   1.22915e+01   1.05186e-07
   2  p1          -1.73341e-03   8.55129e-04   1.27082e-04  -2.55660e-01
   3  p2           1.00075e+00   6.50486e-04   6.28769e-05   1.46369e-01
   4  p3           0.00000e+00     fixed    
   5  p4           9.97900e-01   1.24845e-03   6.95660e-05   2.44094e-01
                               ERR DEF= 0.5
Info in <TCanvas::Print>: file Minuit_Combined.png has been created
Real time 0:00:17, CP time 17.510
Warning in <TROOT::Append>: Replacing existing TH1: h1 (Potential memory leak).
0.25
do fitting ...
 FCN=572.955 FROM IMProve     STATUS=RESET           9 CALLS         238 TOTAL
                     EDM=1.27697e-08    STRATEGY= 1  ERROR MATRIX UNCERTAINTY  50.0 per cent
  EXT PARAMETER                APPROXIMATE        STEP         FIRST   
  NO.   NAME      VALUE            ERROR          SIZE      DERIVATIVE 
   1  p0           3.99492e+05   3.99855e+02   3.99855e+00   6.42616e-02
   2  p1          -1.73341e-03   8.55129e-04   8.55129e-06   1.52142e+04
   3  p2           1.00075e+00   6.50486e-04   6.50486e-06  -1.03878e+05
   4  p3           0.00000e+00     fixed    
   5  p4           9.97900e-01   1.24845e-03   1.24845e-05  -9.18033e+04
                               ERR DEF= 0.5
Info in <TCanvas::Print>: file Minuit_MigradImproved.png has been created
Real time 0:00:17, CP time 17.800
Warning in <TROOT::Append>: Replacing existing TH1: h1 (Potential memory leak).
0.25
do fitting ...
 FCN=4.05909e+07 FROM SCAn        STATUS=IMPROVED      129 CALLS         129 TOTAL
                     EDM= unknown      STRATEGY= 0      NO ERROR MATRIX       
  EXT PARAMETER               CURRENT GUESS       STEP         FIRST   
  NO.   NAME      VALUE            ERROR          SIZE      DERIVATIVE 
   1  p0           1.32000e+02   3.00000e+01   3.00000e+01   3.33333e-02
   2  p1           6.50000e-01   1.00000e+00   2.43190e-01   4.11201e+00
   3  p2           7.75000e+00   1.00000e+00   2.57889e-01   3.87763e+00
   4  p3           0.00000e+00     fixed    
   5  p4           7.75000e+00   1.00000e+00   2.57889e-01   3.87763e+00
                               ERR DEF= 0.5
Info in <TCanvas::Print>: file Minuit_Scan.png has been created
Real time 0:00:02, CP time 2.590
Warning in <TROOT::Append>: Replacing existing TH1: h1 (Potential memory leak).
0.25
do fitting ...
 FCN=7.69838e+06 FROM SEEk        STATUS=IMPROVEMNT  16251 CALLS       16251 TOTAL
                     EDM= unknown      STRATEGY= 0      NO ERROR MATRIX       
  EXT PARAMETER               CURRENT GUESS       STEP         FIRST   
  NO.   NAME      VALUE            ERROR          SIZE      DERIVATIVE 
   1  p0           1.10463e+04   3.00000e+01   1.80000e+02   3.33333e-02
   2  p1           6.72558e-01   1.00000e+00   1.41421e+00   4.11201e+00
   3  p2           3.77652e+00   1.00000e+00   1.50000e+00   3.87763e+00
   4  p3           0.00000e+00     fixed    
   5  p4           6.15439e+00   1.00000e+00   1.50000e+00   3.87763e+00
                               ERR DEF= 0.5
Info in <TCanvas::Print>: file Minuit_Seek.png has been created
Real time 0:04:23, CP time 263.580
Warning in <TROOT::Append>: Replacing existing TH1: h1 (Potential memory leak).
0.25
do fitting ...

****************************************
Minimizer is Minuit2 / Migrad
MinFCN                    =      572.955
Chi2                      =      1064.97
NDf                       =          996
Edm                       =  7.91895e-09
NCalls                    =          111
p0                        =       399492   +/-   393.476     
p1                        =  -0.00173345   +/-   0.00085442   	 (limited)
p2                        =      1.00075   +/-   0.000650349  	 (limited)
p3                        =            0                      	 (fixed)
p4                        =       0.9979   +/-   0.00123889   	 (limited)
Info in <TCanvas::Print>: file Minuit2_Migrad.png has been created
Real time 0:00:13, CP time 13.320
Warning in <TROOT::Append>: Replacing existing TH1: h1 (Potential memory leak).
0.25
Warning in <Fit>: Abnormal termination of minimization.
do fitting ...

****************************************
         Invalid FitResult  (status = 3 )
****************************************
Minimizer is Minuit2 / Simplex
MinFCN                    =  8.87888e+06
Chi2                      =  2.04231e+10
NDf                       =          996
Edm                       =  2.96163e+06
NCalls                    =           94
p0                        =      9165.05   +/-   1.93061     
p1                        =    -0.764758   +/-   0.0292983    	 (limited)
p2                        =      4.64976   +/-   0.0111252    	 (limited)
p3                        =            0                      	 (fixed)
p4                        =      9.30798   +/-   0.00269098   	 (limited)
Info in <TCanvas::Print>: file Minuit2_Simplex.png has been created
Real time 0:00:01, CP time 1.420
Warning in <TROOT::Append>: Replacing existing TH1: h1 (Potential memory leak).
0.25
do fitting ...

****************************************
Minimizer is Minuit2 / Combined
MinFCN                    =      572.955
Chi2                      =      1064.97
NDf                       =          996
Edm                       =  7.91895e-09
NCalls                    =          111
p0                        =       399492   +/-   393.476     
p1                        =  -0.00173345   +/-   0.00085442   	 (limited)
p2                        =      1.00075   +/-   0.000650349  	 (limited)
p3                        =            0                      	 (fixed)
p4                        =       0.9979   +/-   0.00123889   	 (limited)
Info in <TCanvas::Print>: file Minuit2_Combined.png has been created
Real time 0:00:13, CP time 13.320
Warning in <TROOT::Append>: Replacing existing TH1: h1 (Potential memory leak).
0.25
do fitting ...

****************************************
Minimizer is Minuit2 / MigradImproved
MinFCN                    =      572.955
Chi2                      =      1064.97
NDf                       =          996
Edm                       =  7.91895e-09
NCalls                    =          111
p0                        =       399492   +/-   393.476     
p1                        =  -0.00173345   +/-   0.00085442   	 (limited)
p2                        =      1.00075   +/-   0.000650349  	 (limited)
p3                        =            0                      	 (fixed)
p4                        =       0.9979   +/-   0.00123889   	 (limited)
Info in <TCanvas::Print>: file Minuit2_MigradImproved.png has been created
Real time 0:00:13, CP time 13.340
Warning in <TROOT::Append>: Replacing existing TH1: h1 (Potential memory leak).
0.25
do fitting ...

****************************************
Minimizer is Minuit2 / Scan
MinFCN                    =  4.61242e+07
Chi2                      =  1.01091e+07
NDf                       =          996
Edm                       =            0
NCalls                    =            1
p0                        =          160   +/-   30          
p1                        =     0.617302   +/-   0.938028     	 (limited)
p2                        =      4.04032   +/-   1.25149      	 (limited)
p3                        =            0                      	 (fixed)
p4                        =      4.04032   +/-   1.25149      	 (limited)
Info in <TCanvas::Print>: file Minuit2_Scan.png has been created
Real time 0:00:03, CP time 3.480
Warning in <TROOT::Append>: Replacing existing TH1: h1 (Potential memory leak).
0.25
do fitting ...

****************************************
Minimizer is Minuit2 / Seek
MinFCN                    =      572.955
Chi2                      =      1064.97
NDf                       =          996
Edm                       =  7.91895e-09
NCalls                    =          111
p0                        =       399492   +/-   393.476     
p1                        =  -0.00173345   +/-   0.00085442   	 (limited)
p2                        =      1.00075   +/-   0.000650349  	 (limited)
p3                        =            0                      	 (fixed)
p4                        =       0.9979   +/-   0.00123889   	 (limited)
Info in <TCanvas::Print>: file Minuit2_Seek.png has been created
Real time 0:00:13, CP time 13.210
Warning in <TROOT::Append>: Replacing existing TH1: h1 (Potential memory leak).
0.25
do fitting ...

****************************************
Minimizer is Minuit2 / Fumili2
MinFCN                    =      572.955
Chi2                      =      1064.97
NDf                       =          996
Edm                       =  7.91895e-09
NCalls                    =          111
p0                        =       399492   +/-   393.476     
p1                        =  -0.00173345   +/-   0.00085442   	 (limited)
p2                        =      1.00075   +/-   0.000650349  	 (limited)
p3                        =            0                      	 (fixed)
p4                        =       0.9979   +/-   0.00123889   	 (limited)
Info in <TCanvas::Print>: file Minuit2_Fumili2.png has been created
Real time 0:00:13, CP time 13.260
Warning in <TROOT::Append>: Replacing existing TH1: h1 (Potential memory leak).
0.25
do fitting ...

****************************************
Minimizer is Fumili
MinFCN                    =  3.94734e+07
Chi2                      =      1064.97
NDf                       =          996
NCalls                    =           52
p0                        =       399492   +/-   400.156     
p1                        =  -0.00173343   +/-   0.000855405  	 (limited)
p2                        =      1.00075   +/-   0.0006504    	 (limited)
p3                        =            0                      	 (fixed)
p4                        =       0.9979   +/-   0.00124916   	 (limited)
Info in <TCanvas::Print>: file Fumili_.png has been created
Real time 0:00:10, CP time 10.210
Warning in <TROOT::Append>: Replacing existing TH1: h1 (Potential memory leak).
0.25
do fitting ...
GSLMinimizer: Minimization did not converge
Warning in <Fit>: Abnormal termination of minimization.

****************************************
         Invalid FitResult  (status = -2 )
****************************************
Minimizer is GSLMultiMin / ConjugateFR
MinFCN                    =   1.1099e+07
Chi2                      =  8.98362e+09
NDf                       =          996
Edm                       =            0
NCalls                    =        15941
p0                        =      4338.99
p1                        =    -0.825568 	 (limited)
p2                        =      6.24334 	 (limited)
p3                        =            0                      	 (fixed)
p4                        =           10 	 (limited)
Info in <TCanvas::Print>: file GSLMultiMin_ConjugateFR.png has been created
Real time 1:49:27, CP time 6567.630
Warning in <TROOT::Append>: Replacing existing TH1: h1 (Potential memory leak).
0.25
do fitting ...
GSLMinimizer: Minimization did not converge
Warning in <Fit>: Abnormal termination of minimization.

****************************************
         Invalid FitResult  (status = -2 )
****************************************
Minimizer is GSLMultiMin / ConjugatePR
MinFCN                    =  1.06263e+07
Chi2                      =   1.0001e+10
NDf                       =          996
Edm                       =            0
NCalls                    =        15685
p0                        =      4912.91
p1                        =    -0.947593 	 (limited)
p2                        =      5.70119 	 (limited)
p3                        =            0                      	 (fixed)
p4                        =      9.99994 	 (limited)
Info in <TCanvas::Print>: file GSLMultiMin_ConjugatePR.png has been created
Real time 2:09:02, CP time 7742.630
Warning in <TROOT::Append>: Replacing existing TH1: h1 (Potential memory leak).
0.25
do fitting ...
GSLMinimizer: Minimization did not converge
Warning in <Fit>: Abnormal termination of minimization.

****************************************
         Invalid FitResult  (status = -2 )
****************************************
Minimizer is GSLMultiMin / BFGS
MinFCN                    =  1.10241e+07
Chi2                      =  9.23802e+09
NDf                       =          996
Edm                       =            0
NCalls                    =        15927
p0                        =       4422.8
p1                        =    -0.918143 	 (limited)
p2                        =      6.16058 	 (limited)
p3                        =            0                      	 (fixed)
p4                        =      9.99957 	 (limited)
Info in <TCanvas::Print>: file GSLMultiMin_BFGS.png has been created
Real time 1:53:50, CP time 6829.780
Warning in <TROOT::Append>: Replacing existing TH1: h1 (Potential memory leak).
0.25
do fitting ...
GSLMinimizer: Minimization did not converge
	 Iteration is not making progress towards solution
Warning in <Fit>: Abnormal termination of minimization.

****************************************
         Invalid FitResult  (status = 27 )
****************************************
Minimizer is GSLMultiMin / BFGS2
MinFCN                    =      579.955
Chi2                      =      1079.03
NDf                       =          996
Edm                       =            0
NCalls                    =         5959
p0                        =       400994
p1                        =  -0.00310147 	 (limited)
p2                        =      1.00124 	 (limited)
p3                        =            0                      	 (fixed)
p4                        =     0.994056 	 (limited)
Info in <TCanvas::Print>: file GSLMultiMin_BFGS2.png has been created
Real time 2:31:06, CP time 9066.550
Warning in <TROOT::Append>: Replacing existing TH1: h1 (Potential memory leak).
0.25
do fitting ...
GSLMinimizer: Minimization did not converge
Warning in <Fit>: Abnormal termination of minimization.

****************************************
         Invalid FitResult  (status = -2 )
****************************************
Minimizer is GSLMultiMin / SteepestDescent
MinFCN                    =  2.69414e+07
Chi2                      =  1.60271e+08
NDf                       =          996
Edm                       =            0
NCalls                    =        11320
p0                        =      426.664
p1                        =      1.06868 	 (limited)
p2                        =           10 	 (limited)
p3                        =            0                      	 (fixed)
p4                        =      9.99996 	 (limited)
Info in <TCanvas::Print>: file GSLMultiMin_SteepestDescent.png has been created
Real time 1:27:38, CP time 5258.340
Warning in <TROOT::Append>: Replacing existing TH1: h1 (Potential memory leak).
0.25
do fitting ...
GSLNLSMinimizer: Minimization did not converge: 
	 failed with status -2
Warning in <Fit>: Abnormal termination of minimization.

****************************************
         Invalid FitResult  (status = -2 )
****************************************
Minimizer is GSLMultiFit
MinFCN                    =  1.18465e+07
Chi2                      =  1.11623e+11
NDf                       =          996
Edm                       =      3478.14
NCalls                    =        20044
p0                        =      27358.4   +/-   0           
p1                        =           -1   +/-   0            	 (limited)
p2                        =      4.49989   +/-   6.83833e-06  	 (limited)
p3                        =            0                      	 (fixed)
p4                        =      7.46354   +/-   5.50678e-05  	 (limited)
Info in <TCanvas::Print>: file GSLMultiFit_.png has been created
Real time 0:35:03, CP time 2103.610
Warning in <TROOT::Append>: Replacing existing TH1: h1 (Potential memory leak).
0.25
do fitting ...

****************************************
Minimizer is GSLSimAn
MinFCN                    =  7.82283e+06
Chi2                      =  3.90982e+09
NDf                       =          996
NCalls                    =        13862
p0                        =      10990.8
p1                        =     0.555001 	 (limited)
p2                        =      3.99805 	 (limited)
p3                        =            0                      	 (fixed)
p4                        =      5.41584 	 (limited)
Info in <TCanvas::Print>: file GSLSimAn_.png has been created
Real time 0:05:01, CP time 301.810
Warning in <TROOT::Append>: Replacing existing TH1: h1 (Potential memory leak).
0.25
Info in <GeneticMinimizer::SetVariable>: Variables should be limited - set automatic range to 50 times step size for p0 : [-1400.000000, 1600.000000]

 *** Break *** keyboard interrupt

 *** Break *** segmentation violation
do fitting ...
