
Processing rosenbrock.C...
=== Scipy Minimization
=== Method: Nelder-Mead
=== Initial value: (-1.2,1)
/home/ozapatam/anaconda3/lib/python3.9/site-packages/scipy/optimize/_minimize.py:550: RuntimeWarning: Method Nelder-Mead does not use gradient information (jac).
  warn('Method %s does not use gradient information (jac).' % method,
=== Success: 1
=== Status: 0
=== Message: Optimization terminated successfully.
=== Function calls: 176
Results Method : Scipy / Nelder-Mead 	 Minimum: f(0.999999,0.999998)= 3.81167e-12 	 Real Time (sec) = 0.00163102	 ncalls = 176

===============
=== Scipy Minimization
=== Method: L-BFGS-B
=== Initial value: (-1.2,1)
=== Success: 1
=== Status: 0
=== Message: CONVERGENCE: REL_REDUCTION_OF_F_<=_FACTR*EPSMCH
=== Function calls: 43
Results Method : Scipy / L-BFGS-B 	 Minimum: f(1,1.00001)= 5.29856e-10 	 Real Time (sec) = 0.000852823	 ncalls = 43

===============
=== Scipy Minimization
=== Method: Powell
=== Initial value: (-1.2,1)
/home/ozapatam/anaconda3/lib/python3.9/site-packages/scipy/optimize/_minimize.py:550: RuntimeWarning: Method Powell does not use gradient information (jac).
  warn('Method %s does not use gradient information (jac).' % method,
=== Success: 1
=== Status: 0
=== Message: Optimization terminated successfully.
=== Function calls: 719
Results Method : Scipy / Powell 	 Minimum: f(1,1)= 5.17493e-28 	 Real Time (sec) = 0.00451303	 ncalls = 719

===============
=== Scipy Minimization
=== Method: CG
=== Initial value: (-1.2,1)
=== Success: 1
=== Status: 0
=== Message: Optimization terminated successfully.
=== Function calls: 78
Results Method : Scipy / CG 	 Minimum: f(1,1)= 1.87618e-14 	 Real Time (sec) = 0.00155807	 ncalls = 78

===============
=== Scipy Minimization
=== Method: BFGS
=== Initial value: (-1.2,1)
=== Success: 1
=== Status: 0
=== Message: Optimization terminated successfully.
=== Function calls: 39
Results Method : Scipy / BFGS 	 Minimum: f(1,1)= 2.5353e-15 	 Real Time (sec) = 0.00785303	 ncalls = 39

===============
=== Scipy Minimization
=== Method: TNC
=== Initial value: (-1.2,1)
  NIT   NF   F                       GTG
    0    1  2.420000000000000E+01   5.42273600E+04
tnc: fscale = 0.0019766
    1    3  4.588976459654265E+00   1.03594560E+03
    2    5  4.108445756867912E+00   3.86505000E+00
tnc: fscale = 0.23942
    3    7  4.101294986077649E+00   1.19708578E+01
    4   17  3.332271668652923E+00   2.77238495E+02
    5   21  3.201212379729394E+00   5.28162568E+02
    6   26  1.960439828738823E+00   5.55563362E+01
    7   31  1.664377733458779E+00   1.12501859E+02
    8   35  7.534893592498384E-01   2.28660908E+01
    9   37  7.107562175281809E-01   2.62823248E+00
   10   43  5.265385558673216E-01   2.09827037E+01
   11   45  3.960338375275745E-01   5.86779992E+01
   12   47  2.638604528967858E-01   2.06016712E+00
   13   54  1.555964368816412E-01   1.69777537E+01
   14   56  1.036829030751185E-01   4.03529507E+01
   15   58  5.741497376532633E-02   7.61743776E-01
   16   62  1.615469771300374E-02   7.71361398E+00
   17   64  9.611573601864652E-03   2.24694905E-01
   18   68  1.302196471097350E-03   1.43751813E+00
   19   70  3.184455321598838E-04   1.59285088E-02
   20   72  1.766709105921294E-05   3.31902268E-02
   21   74  9.724768689500477E-09   1.48366920E-07
tnc: fscale = 1224.2
tnc: |fn-fn-1] = 7.48598e-11 -> convergence
   22   76  9.649908881954030E-09   7.85594807E-09
tnc: Converged (|f_n-f_(n-1)| ~= 0)
=== Success: 1
=== Status: 1
=== Message: Converged (|f_n-f_(n-1)| ~= 0)
=== Function calls: 76
Results Method : Scipy / TNC 	 Minimum: f(1.0001,1.0002)= 9.64991e-09 	 Real Time (sec) = 0.00182104	 ncalls = 76

===============
=== Scipy Minimization
=== Method: COBYLA
=== Initial value: (-1.2,1)
/home/ozapatam/anaconda3/lib/python3.9/site-packages/scipy/optimize/_minimize.py:550: RuntimeWarning: Method COBYLA does not use gradient information (jac).
  warn('Method %s does not use gradient information (jac).' % method,
=== Success: 1
=== Status: 1
=== Message: Optimization terminated successfully.
=== Function calls: 7950
Results Method : Scipy / COBYLA 	 Minimum: f(0.989514,0.979073)= 0.000110379 	 Real Time (sec) = 0.0211909	 ncalls = 7950

===============
=== Scipy Minimization
=== Method: SLSQP
=== Initial value: (-1.2,1)
=== Success: 1
=== Status: 0
=== Message: Optimization terminated successfully
=== Function calls: 46
Results Method : Scipy / SLSQP 	 Minimum: f(0.999363,0.998634)= 1.25894e-06 	 Real Time (sec) = 0.00291181	 ncalls = 46

===============
=== Scipy Minimization
=== Method: trust-constr
=== Initial value: (-1.2,1)
=== Success: 1
=== Status: 1
=== Message: `gtol` termination condition is satisfied.
=== Function calls: 61
Results Method : Scipy / trust-constr 	 Minimum: f(0.999999,0.999999)= 4.87147e-13 	 Real Time (sec) = 0.051661	 ncalls = 61

===============
=== Scipy Minimization
=== Method: Newton-CG
=== Initial value: (-1.2,1)
=== Success: 1
=== Status: 0
=== Message: Optimization terminated successfully.
=== Function calls: 105
Results Method : Scipy / Newton-CG 	 Minimum: f(1,0.999999)= 1.68155e-13 	 Real Time (sec) = 0.00402093	 ncalls = 105

===============
=== Scipy Minimization
=== Method: dogleg
=== Initial value: (-1.2,1)
Traceback (most recent call last):
  File "/home/ozapatam/anaconda3/lib/python3.9/site-packages/scipy/optimize/_minimize.py", line 715, in minimize
    res = _minimize_dogleg(fun, x0, args, jac, hess,
  File "/home/ozapatam/anaconda3/lib/python3.9/site-packages/scipy/optimize/_trustregion_dogleg.py", line 32, in _minimize_dogleg
    raise ValueError('Hessian is required for dogleg minimization')
ValueError: Hessian is required for dogleg minimization
Results Method : Scipy / dogleg 	 Minimum: f(-1.2,1)= 24.2 	 Real Time (sec) = 0.000170946	 ncalls = 0

===============
=== Scipy Minimization
=== Method: trust-ncg
=== Initial value: (-1.2,1)
Traceback (most recent call last):
  File "/home/ozapatam/anaconda3/lib/python3.9/site-packages/scipy/optimize/_minimize.py", line 718, in minimize
    res = _minimize_trust_ncg(fun, x0, args, jac, hess, hessp,
  File "/home/ozapatam/anaconda3/lib/python3.9/site-packages/scipy/optimize/_trustregion_ncg.py", line 35, in _minimize_trust_ncg
    raise ValueError('Either the Hessian or the Hessian-vector product '
ValueError: Either the Hessian or the Hessian-vector product is required for Newton-CG trust-region minimization
Results Method : Scipy / trust-ncg 	 Minimum: f(-1.2,1)= 24.2 	 Real Time (sec) = 0.00011611	 ncalls = 0

===============
=== Scipy Minimization
=== Method: trust-exact
=== Initial value: (-1.2,1)
Traceback (most recent call last):
  File "/home/ozapatam/anaconda3/lib/python3.9/site-packages/scipy/optimize/_minimize.py", line 724, in minimize
    res = _minimize_trustregion_exact(fun, x0, args, jac, hess,
  File "/home/ozapatam/anaconda3/lib/python3.9/site-packages/scipy/optimize/_trustregion_exact.py", line 37, in _minimize_trustregion_exact
    raise ValueError('Hessian matrix is required for trust region '
ValueError: Hessian matrix is required for trust region exact minimization.
Results Method : Scipy / trust-exact 	 Minimum: f(-1.2,1)= 24.2 	 Real Time (sec) = 9.98974e-05	 ncalls = 0

===============
=== Scipy Minimization
=== Method: trust-krylov
=== Initial value: (-1.2,1)
Traceback (most recent call last):
  File "/home/ozapatam/anaconda3/lib/python3.9/site-packages/scipy/optimize/_minimize.py", line 721, in minimize
    res = _minimize_trust_krylov(fun, x0, args, jac, hess, hessp,
  File "/home/ozapatam/anaconda3/lib/python3.9/site-packages/scipy/optimize/_trustregion_krylov.py", line 26, in _minimize_trust_krylov
    raise ValueError('Either the Hessian or the Hessian-vector product '
ValueError: Either the Hessian or the Hessian-vector product is required for Krylov trust-region minimization
Results Method : Scipy / trust-krylov 	 Minimum: f(-1.2,1)= 24.2 	 Real Time (sec) = 8.89301e-05	 ncalls = 0

===============
 **********
 **    6 **SET STR           1
 **********
 **********
 **    7 **MIGRAD       1e+06       1e-05
 **********
 MIGRAD MINIMIZATION HAS CONVERGED.
 MIGRAD WILL VERIFY CONVERGENCE AND ERROR MATRIX.
 FCN=3.75343e-12 FROM MIGRAD    STATUS=CONVERGED     127 CALLS         128 TOTAL
                     EDM=1.24838e-11    STRATEGY= 1      ERROR MATRIX ACCURATE 
  EXT PARAMETER                                   STEP         FIRST   
  NO.   NAME      VALUE            ERROR          SIZE      DERIVATIVE 
   1  x            9.99998e-01   1.29099e+00   1.00000e-03  -1.92839e-06
   2  y            9.99996e-01   2.58521e+00   1.56250e-03  -9.70197e-07
Results Method : Minuit / Migrad 	 Minimum: f(0.999998,0.999996)= 3.75343e-12 	 Real Time (sec) = 8.08239e-05	 ncalls = 128

===============
 **********
 **   13 **SET STR           1
 **********
 **********
 **   14 **SIMPLEX       1e+06       1e-05
 **********
 START SIMPLEX MINIMIZATION.    CONVERGENCE WHEN EDM .LT. 1e-05
 SIMPLEX MINIMIZATION HAS CONVERGED.
 FCN=2.77194e-07 FROM SIMPLEX   STATUS=PROGRESS      144 CALLS         145 TOTAL
                     EDM=1.54386e-06    STRATEGY= 1      NO ERROR MATRIX       
  EXT PARAMETER               CURRENT GUESS      PHYSICAL LIMITS       
  NO.   NAME      VALUE            ERROR       NEGATIVE      POSITIVE  
   1  x            9.99837e-01   1.00000e-02
   2  y            9.99725e-01   1.00000e-02
 **********
 **   15 **HESSE       1e+06
 **********
 FCN=2.77194e-07 FROM HESSE     STATUS=OK             12 CALLS         157 TOTAL
                     EDM=5.85632e-07    STRATEGY= 1      ERROR MATRIX ACCURATE 
  EXT PARAMETER                                INTERNAL      INTERNAL  
  NO.   NAME      VALUE            ERROR       STEP SIZE       VALUE   
   1  x            9.99837e-01   1.30183e+00   1.00000e-03   9.99837e-01
   2  y            9.99725e-01   2.60647e+00   1.56250e-03   9.99725e-01
Results Method : Minuit / Simplex 	 Minimum: f(0.999837,0.999725)= 2.77194e-07 	 Real Time (sec) = 4.88758e-05	 ncalls = 157

===============
 **********
 **   21 **SET STR           1
 **********
 **********
 **   22 **MIGRAD       1e+06       1e-05
 **********
 MIGRAD MINIMIZATION HAS CONVERGED.
 MIGRAD WILL VERIFY CONVERGENCE AND ERROR MATRIX.
 FCN=3.75343e-12 FROM MIGRAD    STATUS=CONVERGED     127 CALLS         128 TOTAL
                     EDM=1.24838e-11    STRATEGY= 1      ERROR MATRIX ACCURATE 
  EXT PARAMETER                                   STEP         FIRST   
  NO.   NAME      VALUE            ERROR          SIZE      DERIVATIVE 
   1  x            9.99998e-01   1.29099e+00   1.00000e-03  -1.92839e-06
   2  y            9.99996e-01   2.58521e+00   1.56250e-03  -9.70197e-07
Results Method : Minuit / Combined 	 Minimum: f(0.999998,0.999996)= 3.75343e-12 	 Real Time (sec) = 5.6982e-05	 ncalls = 128

===============
 **********
 **   28 **SET STR           1
 **********
 **********
 **   29 **MIGRAD       1e+06       1e-05
 **********
 MIGRAD MINIMIZATION HAS CONVERGED.
 MIGRAD WILL VERIFY CONVERGENCE AND ERROR MATRIX.
 FCN=3.75343e-12 FROM MIGRAD    STATUS=CONVERGED     127 CALLS         128 TOTAL
                     EDM=1.24838e-11    STRATEGY= 1      ERROR MATRIX ACCURATE 
  EXT PARAMETER                                   STEP         FIRST   
  NO.   NAME      VALUE            ERROR          SIZE      DERIVATIVE 
   1  x            9.99998e-01   1.29099e+00   1.00000e-03  -1.92839e-06
   2  y            9.99996e-01   2.58521e+00   1.56250e-03  -9.70197e-07
 **********
 **   30 **IMPROVE       1e+06
 **********
START ATTEMPT NO. 1 TO FIND NEW MINIMUM
 **********
 **   31 **HESSE       1e+06
 **********
 FCN=3.75343e-12 FROM HESSE     STATUS=OK             10 CALLS         160 TOTAL
                     EDM=7.51648e-12    STRATEGY= 1      ERROR MATRIX ACCURATE 
  EXT PARAMETER                                INTERNAL      INTERNAL  
  NO.   NAME      VALUE            ERROR       STEP SIZE       VALUE   
   1  x            9.99998e-01   1.00069e+00   3.44837e-06   9.99998e-01
   2  y            9.99996e-01   2.00388e+00   3.45267e-05   9.99996e-01
Results Method : Minuit / MigradImproved 	 Minimum: f(0.999998,0.999996)= 3.75343e-12 	 Real Time (sec) = 5.10216e-05	 ncalls = 160

===============
 **********
 **   37 **SET STR           1
 **********
 **********
 **   38 **SCAN
 **********
 FCN=21.2067 FROM SCAn        STATUS=IMPROVED       45 CALLS          45 TOTAL
                     EDM= unknown      STRATEGY= 1      NO ERROR MATRIX       
  EXT PARAMETER               CURRENT GUESS      PHYSICAL LIMITS       
  NO.   NAME      VALUE            ERROR       NEGATIVE      POSITIVE  
   1  x           -1.19000e+00   1.00000e-02
   2  y            1.01100e+00   1.00000e-02
 **********
 **   39 **HESSE       1e+06
 **********
 FCN=21.2067 FROM HESSE     STATUS=OK             14 CALLS          59 TOTAL
                     EDM=32.9489    STRATEGY= 1      ERROR MATRIX ACCURATE 
  EXT PARAMETER                                INTERNAL      INTERNAL  
  NO.   NAME      VALUE            ERROR       STEP SIZE       VALUE   
   1  x           -1.19000e+00   1.09503e-01   2.89148e-03  -1.19000e+00
   2  y            1.01100e+00   2.78849e-01   7.36312e-03   1.01100e+00
Results Method : Minuit / Scan 	 Minimum: f(-1.19,1.011)= 21.2067 	 Real Time (sec) = 0.0122249	 ncalls = 59

===============
 **********
 **   45 **SET STR           1
 **********
 **********
 **   46 **SEEK       1e+06
 **********
 FCN=1.06636e-07 FROM SEEk        STATUS=IMPROVEMNT 3928576 CALLS     3928576 TOTAL
                     EDM= unknown      STRATEGY= 1      NO ERROR MATRIX       
 **********
 **   47 **HESSE       1e+06
 **********
 FCN=1.06636e-07 FROM HESSE     STATUS=OK             12 CALLS     3928588 TOTAL
                     EDM=2.43422e-07    STRATEGY= 1      ERROR MATRIX ACCURATE 
  EXT PARAMETER                                INTERNAL      INTERNAL  
  NO.   NAME      VALUE            ERROR       STEP SIZE       VALUE   
   1  x            9.99855e-01   1.28468e+00   1.00000e-03   9.99855e-01
   2  y            9.99681e-01   2.57222e+00   1.56250e-03   9.99681e-01
Results Method : Minuit / Seek 	 Minimum: f(0.999855,0.999681)= 1.06636e-07 	 Real Time (sec) = 0.309909	 ncalls = 3928588

===============
Minuit2Minimizer: Minimize with max-calls 1000000 convergence for edm < 1e-05 strategy 1
Warning in <Minuit2>: MnHesse Analytical calculator  	[  -0.000265642024  0.0001245129464]	  numerical  	[  -0.000265404198  0.0001245129464]	  g2  	[      801.9864566              200]	
Minuit2Minimizer : Valid minimum - status = 0
FVAL  = 1.0779983076002329e-10
Edm   = 1.08383347317261393e-10
Nfcn  = 115
x	  = 0.999992	 +/-  1.00498
y	  = 0.999984	 +/-  2.01245
Results Method : Minuit2 / Migrad 	 Minimum: f(0.999992,0.999984)= 1.078e-10 	 Real Time (sec) = 0.000245094	 ncalls = 115

===============
Minuit2Minimizer: Minimize with max-calls 1000000 convergence for edm < 1e-05 strategy 1
Warning in <Minuit2>: Minuit2Minimizer::Minimize Covar is not pos def
Minuit2Minimizer : Valid minimum - status = 5
FVAL  = 1.10360880246570069e-06
Edm   = 6.38611908252856054e-06
Nfcn  = 147
x	  = 0.999137	 +/-  1.03883
y	  = 0.998215	 +/-  2.03787
Results Method : Minuit2 / Simplex 	 Minimum: f(0.999137,0.998215)= 1.10361e-06 	 Real Time (sec) = 4.79221e-05	 ncalls = 147

===============
Minuit2Minimizer: Minimize with max-calls 1000000 convergence for edm < 1e-05 strategy 1
Warning in <Minuit2>: MnHesse Analytical calculator  	[  -0.000265642024  0.0001245129464]	  numerical  	[  -0.000265404198  0.0001245129464]	  g2  	[      801.9864566              200]	
Minuit2Minimizer : Valid minimum - status = 0
FVAL  = 1.0779983076002329e-10
Edm   = 1.08383347317261393e-10
Nfcn  = 115
x	  = 0.999992	 +/-  1.00498
y	  = 0.999984	 +/-  2.01245
Results Method : Minuit2 / Combined 	 Minimum: f(0.999992,0.999984)= 1.078e-10 	 Real Time (sec) = 7.20024e-05	 ncalls = 115

===============
Minuit2Minimizer: Minimize with max-calls 1000000 convergence for edm < 1e-05 strategy 1
Warning in <Minuit2>: MnHesse Analytical calculator  	[  -0.000265642024  0.0001245129464]	  numerical  	[  -0.000265404198  0.0001245129464]	  g2  	[      801.9864566              200]	
Minuit2Minimizer : Valid minimum - status = 0
FVAL  = 1.0779983076002329e-10
Edm   = 1.08383347317261393e-10
Nfcn  = 115
x	  = 0.999992	 +/-  1.00498
y	  = 0.999984	 +/-  2.01245
Results Method : Minuit2 / MigradImproved 	 Minimum: f(0.999992,0.999984)= 1.078e-10 	 Real Time (sec) = 4.00543e-05	 ncalls = 115

===============
Minuit2Minimizer: Minimize with max-calls 1000000 convergence for edm < 1e-05 strategy 1
Warning in <Minuit2>: Minuit2Minimizer::Minimize Covar is not pos def
Minuit2Minimizer : Valid minimum - status = 5
FVAL  = 18.6205759999999856
Edm   = 0
Nfcn  = 1
x	  = -1.18	 +/-  0.01
y	  = 1.02	 +/-  0.01
Results Method : Minuit2 / Scan 	 Minimum: f(-1.18,1.02)= 18.6206 	 Real Time (sec) = 5.4121e-05	 ncalls = 1

===============
Minuit2Minimizer: Minimize with max-calls 1000000 convergence for edm < 1e-05 strategy 1
Warning in <Minuit2>: MnHesse Analytical calculator  	[  -0.000265642024  0.0001245129464]	  numerical  	[  -0.000265404198  0.0001245129464]	  g2  	[      801.9864566              200]	
Minuit2Minimizer : Valid minimum - status = 0
FVAL  = 1.0779983076002329e-10
Edm   = 1.08383347317261393e-10
Nfcn  = 115
x	  = 0.999992	 +/-  1.00498
y	  = 0.999984	 +/-  2.01245
Results Method : Minuit2 / Seek 	 Minimum: f(0.999992,0.999984)= 1.078e-10 	 Real Time (sec) = 3.79086e-05	 ncalls = 115

===============
Minuit2Minimizer: Minimize with max-calls 1000000 convergence for edm < 1e-05 strategy 1
Warning in <Minuit2>: MnHesse Analytical calculator  	[  -0.000265642024  0.0001245129464]	  numerical  	[  -0.000265404198  0.0001245129464]	  g2  	[      801.9864566              200]	
Minuit2Minimizer : Valid minimum - status = 0
FVAL  = 1.0779983076002329e-10
Edm   = 1.08383347317261393e-10
Nfcn  = 115
x	  = 0.999992	 +/-  1.00498
y	  = 0.999984	 +/-  2.01245
Results Method : Minuit2 / Fumili2 	 Minimum: f(0.999992,0.999984)= 1.078e-10 	 Real Time (sec) = 5.29289e-05	 ncalls = 115

===============
Error in <SetFunction>: Wrong Fit method function type used for Fumili
Minimize using TFumili with tolerance = 1e-05 max calls 1000000
 FCN=0 FROM FUMILI  STATUS=CONVERGED          0 CALLS OF FCN
 EDM=-0 
  EXT PARAMETER                                  PHYSICAL LIMITS       
  NO.   NAME          VALUE        ERROR       NEGATIVE      POSITIVE  
   1 x            -1.20000e+00   0.00000e+00 -1.00000e+300  1.00000e+300
   2 y             1.00000e+00   0.00000e+00 -1.00000e+300  1.00000e+300
Results Method : Fumili /  	 Minimum: f(-1.2,1)= 24.2 	 Real Time (sec) = 3.91006e-05	 ncalls = 0

===============
Minimize using GSLMinimizer conjugate_fr
GSLMinimizer: Minimum Found
FVAL         = 9.83382541577090207e-17
Niterations  = 141
NCalls     = 228
x	  = 1
y	  = 1
Results Method : GSLMultiMin / ConjugateFR 	 Minimum: f(1,1)= 9.83383e-17 	 Real Time (sec) = 0.000174999	 ncalls = 228

===============
Minimize using GSLMinimizer conjugate_pr
GSLMinimizer: Minimum Found
FVAL         = 1.34067901933374238e-18
Niterations  = 118
NCalls     = 198
x	  = 1
y	  = 1
Results Method : GSLMultiMin / ConjugatePR 	 Minimum: f(1,1)= 1.34068e-18 	 Real Time (sec) = 6.8903e-05	 ncalls = 198

===============
Minimize using GSLMinimizer vector_bfgs
GSLMinimizer: Minimum Found
FVAL         = 6.99394876334361323e-17
Niterations  = 124
NCalls     = 204
x	  = 1
y	  = 1
Results Method : GSLMultiMin / BFGS 	 Minimum: f(1,1)= 6.99395e-17 	 Real Time (sec) = 6.69956e-05	 ncalls = 204

===============
Minimize using GSLMinimizer vector_bfgs2
GSLMinimizer: Minimum Found
FVAL         = 1.15150482558807036e-14
Niterations  = 18
NCalls     = 67
x	  = 1
y	  = 1
Results Method : GSLMultiMin / BFGS2 	 Minimum: f(1,1)= 1.1515e-14 	 Real Time (sec) = 3.60012e-05	 ncalls = 67

===============
Minimize using GSLMinimizer steepest_descent
GSLMinimizer: Minimum Found
FVAL         = 1.23682744931366971e-10
Niterations  = 7854
NCalls     = 8891
x	  = 0.999989
y	  = 0.999978
Results Method : GSLMultiMin / SteepestDescent 	 Minimum: f(0.999989,0.999978)= 1.23683e-10 	 Real Time (sec) = 0.00273609	 ncalls = 8891

===============
GSLNLSMinimizer: Invalid function set - only FitMethodFunction types are supported
Results Method : GSLMultiFit / trust_lm 	 Minimum: f(-1.2,1)= 24.2 	 Real Time (sec) = 9.05991e-06	 ncalls = -1351827864

===============
GSLNLSMinimizer: Invalid function set - only FitMethodFunction types are supported
Results Method : GSLMultiFit / trust_lmaccel 	 Minimum: f(-1.2,1)= 24.2 	 Real Time (sec) = 6.91414e-06	 ncalls = 0

===============
GSLNLSMinimizer: Invalid function set - only FitMethodFunction types are supported
Results Method : GSLMultiFit / trust_dogleg 	 Minimum: f(-1.2,1)= 24.2 	 Real Time (sec) = 9.53674e-07	 ncalls = 0

===============
GSLNLSMinimizer: Invalid function set - only FitMethodFunction types are supported
Results Method : GSLMultiFit / trust_ddogleg 	 Minimum: f(-1.2,1)= 24.2 	 Real Time (sec) = 9.53674e-07	 ncalls = 0

===============
GSLNLSMinimizer: Invalid function set - only FitMethodFunction types are supported
Results Method : GSLMultiFit / subspace2D 	 Minimum: f(-1.2,1)= 24.2 	 Real Time (sec) = 1.90735e-06	 ncalls = 0

===============
Minimize using GSLSimAnMinimizer 
Parameters for simulated annealing: 
            iters_fixed_T :              10
                  n_tries :             200
                        k :               1
                     mu_t :           1.005
                step_size :              10
                t_initial :           0.002
                    t_min :           2e-06
GSLSimAnMinimizer: Minimum Found
FVAL         = 9.63529699681184762e-07
x	  = 1.00089
y	  = 1.00174
Results Method : GSLSimAn /  	 Minimum: f(1.00089,1.00174)= 9.6353e-07 	 Real Time (sec) = 0.00144005	 ncalls = 0

===============
(int) 0
 This problem is unconstrained.
RUNNING THE L-BFGS-B CODE

           * * *

Machine precision = 2.220D-16
 N =            2     M =           10

At X0         0 variables are exactly at the bounds

At iterate    0    f=  2.42000D+01    |proj g|=  2.15600D+02

At iterate    1    f=  4.22521D+00    |proj g|=  1.20012D+01

At iterate    2    f=  4.12728D+00    |proj g|=  2.71783D+00

At iterate    3    f=  4.12052D+00    |proj g|=  1.49123D+00

At iterate    4    f=  4.11557D+00    |proj g|=  1.99441D+00

At iterate    5    f=  4.08755D+00    |proj g|=  5.64972D+00

At iterate    6    f=  4.03201D+00    |proj g|=  1.01986D+01

At iterate    7    f=  3.91784D+00    |proj g|=  1.69329D+01

At iterate    8    f=  3.77592D+00    |proj g|=  2.01520D+01

At iterate    9    f=  3.47126D+00    |proj g|=  2.01471D+01

At iterate   10    f=  2.92803D+00    |proj g|=  1.24663D+01

At iterate   11    f=  2.46684D+00    |proj g|=  8.52869D+00

At iterate   12    f=  1.99227D+00    |proj g|=  6.39461D+00

At iterate   13    f=  1.71124D+00    |proj g|=  8.84003D+00

At iterate   14    f=  1.13232D+00    |proj g|=  2.29859D+00

At iterate   15    f=  1.09486D+00    |proj g|=  4.13493D+00

At iterate   16    f=  1.04990D+00    |proj g|=  4.83921D+00

At iterate   17    f=  8.95799D-01    |proj g|=  7.70170D+00

At iterate   18    f=  7.32786D-01    |proj g|=  3.68905D+00

At iterate   19    f=  5.54103D-01    |proj g|=  5.48954D+00

At iterate   20    f=  3.98923D-01    |proj g|=  9.47221D-01

At iterate   21    f=  3.32413D-01    |proj g|=  3.31488D+00

At iterate   22    f=  2.67826D-01    |proj g|=  4.97996D+00

At iterate   23    f=  1.70855D-01    |proj g|=  9.18381D-01

At iterate   24    f=  1.28043D-01    |proj g|=  5.23470D+00

At iterate   25    f=  8.86866D-02    |proj g|=  8.04229D-01

At iterate   26    f=  5.21310D-02    |proj g|=  1.16680D+00

At iterate   27    f=  3.69072D-02    |proj g|=  2.41510D+00

At iterate   28    f=  1.65787D-02    |proj g|=  1.76554D+00

At iterate   29    f=  7.62489D-03    |proj g|=  4.10202D-01

At iterate   30    f=  3.40001D-03    |proj g|=  9.06679D-01

At iterate   31    f=  1.47726D-03    |proj g|=  1.03962D+00

At iterate   32    f=  1.89127D-04    |proj g|=  4.83473D-02

At iterate   33    f=  1.59199D-05    |proj g|=  1.39292D-01

At iterate   34    f=  5.18950D-07    |proj g|=  1.67776D-02

At iterate   35    f=  5.29856D-10    |proj g|=  9.13039D-04

           * * *

Tit   = total number of iterations
Tnf   = total number of function evaluations
Tnint = total number of segments explored during Cauchy searches
Skip  = number of BFGS updates skipped
Nact  = number of active bounds at final generalized Cauchy point
Projg = norm of the final projected gradient
F     = final function value

           * * *

   N    Tit     Tnf  Tnint  Skip  Nact     Projg        F
    2     35     43      1     0     0   9.130D-04   5.299D-10
  F =   5.2985604423183400E-010

CONVERGENCE: REL_REDUCTION_OF_F_<=_FACTR*EPSMCH             

   Normal return from subroutine COBYLA

   NFVALS = 7950   F = 1.103793E-04    MAXCV = 0.000000E+00
   X = 9.895137E-01   9.790728E-01
