
Processing scipy_langauss.C...
Info in <TCanvas::MakeDefCanvas>:  created default TCanvas with name c1
0.25
do fitting ...
=== Scipy Minimization
=== Method: Nelder-Mead
=== Initial value: (100,1,2,0,2)
/usr/lib/python3/dist-packages/scipy/optimize/_minimize.py:549: RuntimeWarning: Method Nelder-Mead does not use gradient information (jac).
  warn('Method %s does not use gradient information (jac).' % method,
/usr/lib/python3/dist-packages/scipy/optimize/_minimize.py:554: RuntimeWarning: Method Nelder-Mead does not use Hessian information (hess).
  warn('Method %s does not use Hessian information (hess).' % method,
=== Success: 1
=== Status: 0
=== Message: Optimization terminated successfully.
=== Function calls: 405
****************************************
Minimizer is Scipy / Nelder-Mead
MinFCN                    =  1.16601e+07
Chi2                      =  2.33201e+07
NDf                       =          996
NCalls                    =          405
p0                        =      5085.95
p1                        =           -1 	 (limited)
p2                        =           10 	 (limited)
p3                        =     -1.38698                      	 (fixed)
p4                        =           10 	 (limited)
Info in <TCanvas::Print>: png file Scipy_Nelder-Mead.png has been created
Real time 0:00:03, CP time 5.320
Warning in <TROOT::Append>: Replacing existing TH1: h1 (Potential memory leak).
0.25
do fitting ...
=== Scipy Minimization
=== Method: L-BFGS-B
=== Initial value: (100,1,2,0,2)
/usr/lib/python3/dist-packages/scipy/optimize/_minimize.py:554: RuntimeWarning: Method L-BFGS-B does not use Hessian information (hess).
  warn('Method %s does not use Hessian information (hess).' % method,
=== Success: 1
=== Status: 0
=== Message: CONVERGENCE: REL_REDUCTION_OF_F_<=_FACTR*EPSMCH
=== Function calls: 45
****************************************
Minimizer is Scipy / L-BFGS-B
MinFCN                    =      572.956
Chi2                      =      1145.91
NDf                       =          996
NCalls                    =           45
p0                        =       399488
p1                        =  -0.00173065 	 (limited)
p2                        =      1.00074 	 (limited)
p3                        =            0                      	 (fixed)
p4                        =     0.997911 	 (limited)
Info in <TCanvas::Print>: png file Scipy_L-BFGS-B.png has been created
Real time 0:00:16, CP time 16.750
Warning in <TROOT::Append>: Replacing existing TH1: h1 (Potential memory leak).
0.25
do fitting ...
=== Scipy Minimization
=== Method: Powell
=== Initial value: (100,1,2,0,2)
/usr/lib/python3/dist-packages/scipy/optimize/_minimize.py:549: RuntimeWarning: Method Powell does not use gradient information (jac).
  warn('Method %s does not use gradient information (jac).' % method,
/usr/lib/python3/dist-packages/scipy/optimize/_minimize.py:554: RuntimeWarning: Method Powell does not use Hessian information (hess).
  warn('Method %s does not use Hessian information (hess).' % method,
=== Success: 1
=== Status: 0
=== Message: Optimization terminated successfully.
=== Function calls: 747
****************************************
Minimizer is Scipy / Powell
MinFCN                    =      1776.31
Chi2                      =      3552.62
NDf                       =          996
NCalls                    =          747
p0                        =       397905
p1                        =      1.15846 	 (limited)
p2                        =     0.999031 	 (limited)
p3                        =     -1.15773                      	 (fixed)
p4                        =      1.00361 	 (limited)
Info in <TCanvas::Print>: png file Scipy_Powell.png has been created
Real time 0:00:20, CP time 20.340
Warning in <TROOT::Append>: Replacing existing TH1: h1 (Potential memory leak).
0.25
do fitting ...
=== Scipy Minimization
=== Method: CG
=== Initial value: (100,1,2,0,2)
/usr/lib/python3/dist-packages/scipy/optimize/_minimize.py:554: RuntimeWarning: Method CG does not use Hessian information (hess).
  warn('Method %s does not use Hessian information (hess).' % method,
/usr/lib/python3/dist-packages/scipy/optimize/_minimize.py:569: RuntimeWarning: Method CG cannot handle bounds.
  warn('Method %s cannot handle bounds.' % method,
=== Success: 0
=== Status: 2
=== Message: Desired error not necessarily achieved due to precision loss.
=== Function calls: 1450
Warning in <Fit>: Abnormal termination of minimization.
****************************************
         Invalid FitResult  (status = -1 )
****************************************
Minimizer is Scipy / CG
MinFCN                    =      1341.07
Chi2                      =      2682.13
NDf                       =          996
NCalls                    =         1450
p0                        =       384373
p1                        =    0.0125526 	 (limited)
p2                        =     0.996679 	 (limited)
p3                        =            0                      	 (fixed)
p4                        =      1.03706 	 (limited)
Info in <TCanvas::Print>: png file Scipy_CG.png has been created
Real time 0:09:46, CP time 586.250
Warning in <TROOT::Append>: Replacing existing TH1: h1 (Potential memory leak).
0.25
do fitting ...
=== Scipy Minimization
=== Method: BFGS
=== Initial value: (100,1,2,0,2)
/usr/lib/python3/dist-packages/scipy/optimize/_minimize.py:554: RuntimeWarning: Method BFGS does not use Hessian information (hess).
  warn('Method %s does not use Hessian information (hess).' % method,
/usr/lib/python3/dist-packages/scipy/optimize/_minimize.py:569: RuntimeWarning: Method BFGS cannot handle bounds.
  warn('Method %s cannot handle bounds.' % method,
=== Success: 1
=== Status: 0
=== Message: Optimization terminated successfully.
=== Function calls: 77
****************************************
Minimizer is Scipy / BFGS
MinFCN                    =      572.955
Chi2                      =      1145.91
NDf                       =          996
NCalls                    =           77
p0                        =       399492
p1                        =  -0.00173343 	 (limited)
p2                        =      1.00075 	 (limited)
p3                        =            0                      	 (fixed)
p4                        =       0.9979 	 (limited)
Info in <TCanvas::Print>: png file Scipy_BFGS.png has been created
Real time 0:00:23, CP time 23.600
Warning in <TROOT::Append>: Replacing existing TH1: h1 (Potential memory leak).
0.25
do fitting ...
=== Scipy Minimization
=== Method: TNC
=== Initial value: (100,1,2,0,2)
/usr/lib/python3/dist-packages/scipy/optimize/_minimize.py:554: RuntimeWarning: Method TNC does not use Hessian information (hess).
  warn('Method %s does not use Hessian information (hess).' % method,
=== Success: 1
=== Status: 2
=== Message: Converged (|x_n-x_(n-1)| ~= 0)
=== Function calls: 73
****************************************
Minimizer is Scipy / TNC
MinFCN                    =   3.2709e+06
Chi2                      =   6.5418e+06
NDf                       =          996
NCalls                    =           73
p0                        =      43027.6
p1                        =     0.499968 	 (limited)
p2                        =      2.00236 	 (limited)
p3                        =            0                      	 (fixed)
p4                        =      3.39107 	 (limited)
Info in <TCanvas::Print>: png file Scipy_TNC.png has been created
Real time 0:00:20, CP time 20.610
Warning in <TROOT::Append>: Replacing existing TH1: h1 (Potential memory leak).
0.25
do fitting ...
=== Scipy Minimization
=== Method: COBYLA
=== Initial value: (100,1,2,0,2)
/usr/lib/python3/dist-packages/scipy/optimize/_minimize.py:549: RuntimeWarning: Method COBYLA does not use gradient information (jac).
  warn('Method %s does not use gradient information (jac).' % method,
/usr/lib/python3/dist-packages/scipy/optimize/_minimize.py:554: RuntimeWarning: Method COBYLA does not use Hessian information (hess).
  warn('Method %s does not use Hessian information (hess).' % method,
/usr/lib/python3/dist-packages/scipy/optimize/_minimize.py:569: RuntimeWarning: Method COBYLA cannot handle bounds.
  warn('Method %s cannot handle bounds.' % method,
=== Success: 0
=== Status: 2
=== Message: Maximum number of function evaluations has been exceeded.
=== Function calls: 100000
Warning in <Fit>: Abnormal termination of minimization.
****************************************
         Invalid FitResult  (status = -1 )
****************************************
Minimizer is Scipy / COBYLA
MinFCN                    =  1.09815e+07
Chi2                      =  2.19629e+07
NDf                       =          996
NCalls                    =       100000
p0                        =      2937.02
p1                        =      74.3471 	 (limited)
p2                        =      31.4224 	 (limited)
p3                        =      -60.947                      	 (fixed)
p4                        =      16.6438 	 (limited)
Info in <TCanvas::Print>: png file Scipy_COBYLA.png has been created
Real time 0:04:41, CP time 281.600
Warning in <TROOT::Append>: Replacing existing TH1: h1 (Potential memory leak).
0.25
do fitting ...
=== Scipy Minimization
=== Method: SLSQP
=== Initial value: (100,1,2,0,2)
/usr/lib/python3/dist-packages/scipy/optimize/_minimize.py:554: RuntimeWarning: Method SLSQP does not use Hessian information (hess).
  warn('Method %s does not use Hessian information (hess).' % method,
=== Success: 1
=== Status: 0
=== Message: Optimization terminated successfully
=== Function calls: 46
****************************************
Minimizer is Scipy / SLSQP
MinFCN                    =  9.69594e+06
Chi2                      =  1.93919e+07
NDf                       =          996
NCalls                    =           46
p0                        =      9616.27
p1                        =      1.65021 	 (limited)
p2                        =       7.1963 	 (limited)
p3                        =            0                      	 (fixed)
p4                        =      6.74317 	 (limited)
Info in <TCanvas::Print>: png file Scipy_SLSQP.png has been created
Real time 0:00:03, CP time 3.120
Warning in <TROOT::Append>: Replacing existing TH1: h1 (Potential memory leak).
0.25
do fitting ...
=== Scipy Minimization
=== Method: trust-constr
=== Initial value: (100,1,2,0,2)
=== Success: 0
=== Status: 0
=== Message: The maximum number of function evaluations is exceeded.
=== Function calls: 3
Warning in <Fit>: Abnormal termination of minimization.
****************************************
         Invalid FitResult  (status = -1 )
****************************************
Minimizer is Scipy / trust-constr
MinFCN                    =  5.70828e+07
Chi2                      =  1.14166e+08
NDf                       =          996
NCalls                    =            3
p0                        =      100.012
p1                        =      1.05313 	 (limited)
p2                        =      2.42405 	 (limited)
p3                        = 2.06323e-193                      	 (fixed)
p4                        =      2.51876 	 (limited)
Info in <TCanvas::Print>: png file Scipy_trust-constr.png has been created
Real time 0:00:42, CP time 42.970
Warning in <TROOT::Append>: Replacing existing TH1: h1 (Potential memory leak).
0.25
do fitting ...
=== Scipy Minimization
=== Method: Newton-CG
=== Initial value: (100,1,2,0,2)
/usr/lib/python3/dist-packages/scipy/optimize/_minimize.py:569: RuntimeWarning: Method Newton-CG cannot handle bounds.
  warn('Method %s cannot handle bounds.' % method,
=== Success: 1
=== Status: 0
=== Message: Optimization terminated successfully.
=== Function calls: 1
****************************************
Minimizer is Scipy / Newton-CG
MinFCN                    =  6.01934e+07
Chi2                      =  1.20387e+08
NDf                       =          996
NCalls                    =            1
p0                        =          100
p1                        =            1 	 (limited)
p2                        =            2 	 (limited)
p3                        =            0                      	 (fixed)
p4                        =            2 	 (limited)
Info in <TCanvas::Print>: png file Scipy_Newton-CG.png has been created
Real time 0:00:00, CP time 0.720
Warning in <TROOT::Append>: Replacing existing TH1: h1 (Potential memory leak).
0.25
do fitting ...
=== Scipy Minimization
=== Method: dogleg
=== Initial value: (100,1,2,0,2)
/usr/lib/python3/dist-packages/scipy/optimize/_minimize.py:569: RuntimeWarning: Method dogleg cannot handle bounds.
  warn('Method %s cannot handle bounds.' % method,
=== Success: 0
=== Status: 3
=== Message: A linalg error occurred, such as a non-psd Hessian.
=== Function calls: 1
Warning in <Fit>: Abnormal termination of minimization.
****************************************
         Invalid FitResult  (status = -1 )
****************************************
Minimizer is Scipy / dogleg
MinFCN                    =  6.01934e+07
Chi2                      =  1.20387e+08
NDf                       =          996
NCalls                    =            1
p0                        =          100
p1                        =            1 	 (limited)
p2                        =            2 	 (limited)
p3                        =            0                      	 (fixed)
p4                        =            2 	 (limited)
Info in <TCanvas::Print>: png file Scipy_dogleg.png has been created
Real time 0:00:00, CP time 0.720
Warning in <TROOT::Append>: Replacing existing TH1: h1 (Potential memory leak).
0.25
do fitting ...
=== Scipy Minimization
=== Method: trust-ncg
=== Initial value: (100,1,2,0,2)
/usr/lib/python3/dist-packages/scipy/optimize/_minimize.py:569: RuntimeWarning: Method trust-ncg cannot handle bounds.
  warn('Method %s cannot handle bounds.' % method,
Traceback (most recent call last):
  File "/usr/lib/python3/dist-packages/scipy/optimize/_minimize.py", line 715, in minimize
    res = _minimize_trust_ncg(fun, x0, args, jac, hess, hessp,
          ^^^^^^^^^^^^^^^^^^^^^^^^^^^^^^^^^^^^^^^^^^^^^^^^^^^^
  File "/usr/lib/python3/dist-packages/scipy/optimize/_trustregion_ncg.py", line 37, in _minimize_trust_ncg
    return _minimize_trust_region(fun, x0, args=args, jac=jac, hess=hess,
           ^^^^^^^^^^^^^^^^^^^^^^^^^^^^^^^^^^^^^^^^^^^^^^^^^^^^^^^^^^^^^^
  File "/usr/lib/python3/dist-packages/scipy/optimize/_trustregion.py", line 224, in _minimize_trust_region
    p, hits_boundary = m.solve(trust_radius)
                       ^^^^^^^^^^^^^^^^^^^^^
  File "/usr/lib/python3/dist-packages/scipy/optimize/_trustregion_ncg.py", line 108, in solve
    if scipy.linalg.norm(z_next) >= trust_radius:
       ^^^^^^^^^^^^^^^^^^^^^^^^^
  File "/usr/lib/python3/dist-packages/scipy/linalg/_misc.py", line 146, in norm
    a = np.asarray_chkfinite(a)
        ^^^^^^^^^^^^^^^^^^^^^^^
  File "/usr/lib/python3/dist-packages/numpy/lib/function_base.py", line 628, in asarray_chkfinite
    raise ValueError(
ValueError: array must not contain infs or NaNs
Warning in <Fit>: Abnormal termination of minimization.
****************************************
         Invalid FitResult  (status = -1 )
****************************************
Minimizer is Scipy / trust-ncg
Chi2                      =            0
NDf                       =          996
NCalls                    =            0
p0                        =          100
p1                        =            1 	 (limited)
p2                        =            2 	 (limited)
p3                        =            0                      	 (fixed)
p4                        =            2 	 (limited)
Info in <TCanvas::Print>: png file Scipy_trust-ncg.png has been created
Real time 0:00:01, CP time 1.060
Warning in <TROOT::Append>: Replacing existing TH1: h1 (Potential memory leak).
0.25
do fitting ...
=== Scipy Minimization
=== Method: trust-exact
=== Initial value: (100,1,2,0,2)
/usr/lib/python3/dist-packages/scipy/optimize/_minimize.py:569: RuntimeWarning: Method trust-exact cannot handle bounds.
  warn('Method %s cannot handle bounds.' % method,
Traceback (most recent call last):
  File "/usr/lib/python3/dist-packages/scipy/optimize/_minimize.py", line 721, in minimize
    res = _minimize_trustregion_exact(fun, x0, args, jac, hess,
          ^^^^^^^^^^^^^^^^^^^^^^^^^^^^^^^^^^^^^^^^^^^^^^^^^^^^^
  File "/usr/lib/python3/dist-packages/scipy/optimize/_trustregion_exact.py", line 39, in _minimize_trustregion_exact
    return _minimize_trust_region(fun, x0, args=args, jac=jac, hess=hess,
           ^^^^^^^^^^^^^^^^^^^^^^^^^^^^^^^^^^^^^^^^^^^^^^^^^^^^^^^^^^^^^^
  File "/usr/lib/python3/dist-packages/scipy/optimize/_trustregion.py", line 234, in _minimize_trust_region
    m_proposed = subproblem(x_proposed, fun, jac, hess, hessp)
                 ^^^^^^^^^^^^^^^^^^^^^^^^^^^^^^^^^^^^^^^^^^^^^
  File "/usr/lib/python3/dist-packages/scipy/optimize/_trustregion_exact.py", line 245, in __init__
    self.hess_inf = norm(self.hess, np.Inf)
                    ^^^^^^^^^^^^^^^^^^^^^^^
  File "/usr/lib/python3/dist-packages/scipy/linalg/_misc.py", line 146, in norm
    a = np.asarray_chkfinite(a)
        ^^^^^^^^^^^^^^^^^^^^^^^
  File "/usr/lib/python3/dist-packages/numpy/lib/function_base.py", line 628, in asarray_chkfinite
    raise ValueError(
ValueError: array must not contain infs or NaNs
Warning in <Fit>: Abnormal termination of minimization.
****************************************
         Invalid FitResult  (status = -1 )
****************************************
Minimizer is Scipy / trust-exact
Chi2                      =            0
NDf                       =          996
NCalls                    =            0
p0                        =          100
p1                        =            1 	 (limited)
p2                        =            2 	 (limited)
p3                        =            0                      	 (fixed)
p4                        =            2 	 (limited)
Info in <TCanvas::Print>: png file Scipy_trust-exact.png has been created
Real time 0:00:00, CP time 0.720
Warning in <TROOT::Append>: Replacing existing TH1: h1 (Potential memory leak).
0.25
do fitting ...
=== Scipy Minimization
=== Method: trust-krylov
=== Initial value: (100,1,2,0,2)
/usr/lib/python3/dist-packages/scipy/optimize/_minimize.py:569: RuntimeWarning: Method trust-krylov cannot handle bounds.
  warn('Method %s cannot handle bounds.' % method,
=== Success: 0
=== Status: 2
=== Message: A bad approximation caused failure to predict improvement.
=== Function calls: 1
Warning in <Fit>: Abnormal termination of minimization.
****************************************
         Invalid FitResult  (status = -1 )
****************************************
Minimizer is Scipy / trust-krylov
MinFCN                    =  6.01934e+07
Chi2                      =  1.20387e+08
NDf                       =          996
NCalls                    =            1
p0                        =          100
p1                        =            1 	 (limited)
p2                        =            2 	 (limited)
p3                        =            0                      	 (fixed)
p4                        =            2 	 (limited)
Info in <TCanvas::Print>: png file Scipy_trust-krylov.png has been created
Real time 0:00:00, CP time 0.720
(int) 0
